<?xml version="1.0" encoding="UTF-8"?>
<!-- Generated by org.testng.reporters.JUnitReportReporter -->
<testsuite hostname="Lucky" failures="0" tests="1" name="tests.LogoutTest" time="9.951" errors="0" timestamp="2025-08-29T20:02:16 IST" skipped="0">
  <testcase classname="tests.LogoutTest" name="testLogout" time="9.951"/>
</testsuite> <!-- tests.LogoutTest -->
