<?xml version="1.0" encoding="UTF-8"?>
<!-- Generated by org.testng.reporters.JUnitReportReporter -->
<testsuite hostname="Lucky" failures="0" tests="1" name="tests.LoginTest" time="16.205" errors="0" timestamp="2025-08-29T20:02:16 IST" skipped="0">
  <testcase classname="tests.LoginTest" name="testLogin" time="16.205"/>
</testsuite> <!-- tests.LoginTest -->
